\BOOKMARK [1][-]{section.1}{\376\377\127\372\170\100\167\345\213\306}{}% 1
\BOOKMARK [2][-]{subsection.1.1}{\376\377\213\241\173\227\155\101\117\123\122\233\133\146\166\204\127\372\147\054\133\232\116\111}{section.1}% 2
\BOOKMARK [2][-]{subsection.1.2}{\376\377\176\277\140\047\215\113\203\003\172\172\225\364}{section.1}% 3
\BOOKMARK [3][-]{subsubsection.1.2.1}{\376\377\226\306\124\010}{subsection.1.2}% 4
\BOOKMARK [3][-]{subsubsection.1.2.2}{\376\377\176\277\140\047\172\172\225\364}{subsection.1.2}% 5
\BOOKMARK [3][-]{subsubsection.1.2.3}{\376\377\176\277\140\047\133\120\172\172\225\364}{subsection.1.2}% 6
\BOOKMARK [3][-]{subsubsection.1.2.4}{\376\377\203\003\145\160}{subsection.1.2}% 7
\BOOKMARK [3][-]{subsubsection.1.2.5}{\376\377\176\277\140\047\215\113\203\003\172\172\225\364}{subsection.1.2}% 8
\BOOKMARK [3][-]{subsubsection.1.2.6}{\376\377\000B\000a\000n\000a\000c\000h\172\172\225\364}{subsection.1.2}% 9
\BOOKMARK [2][-]{subsection.1.3}{\376\377\000H\000i\000l\000b\000e\000r\000t\172\172\225\364}{section.1}% 10
\BOOKMARK [3][-]{subsubsection.1.3.1}{\376\377\121\205\171\357}{subsection.1.3}% 11
\BOOKMARK [3][-]{subsubsection.1.3.2}{\376\377\000H\000i\000l\000b\000e\000r\000t\172\172\225\364}{subsection.1.3}% 12
\BOOKMARK [2][-]{subsection.1.4}{\376\377\176\277\140\047\173\227\133\120\116\016\176\277\140\047\154\333\121\375}{section.1}% 13
\BOOKMARK [3][-]{subsubsection.1.4.1}{\376\377\176\277\140\047\173\227\133\120}{subsection.1.4}% 14
\BOOKMARK [3][-]{subsubsection.1.4.2}{\376\377\176\277\140\047\154\333\121\375}{subsection.1.4}% 15
\BOOKMARK [3][-]{subsubsection.1.4.3}{\376\377\117\064\226\217\173\227\133\120}{subsection.1.4}% 16
\BOOKMARK [3][-]{subsubsection.1.4.4}{\376\377\133\371\171\360\173\227\133\120\124\214\123\315\133\371\171\360\173\227\133\120}{subsection.1.4}% 17
\BOOKMARK [3][-]{subsubsection.1.4.5}{\376\377\136\177\116\111\123\315\133\371\171\360\173\227\133\120}{subsection.1.4}% 18
\BOOKMARK [3][-]{subsubsection.1.4.6}{\376\377\200\027\145\143\173\227\133\120\124\214\123\315\200\027\145\143\173\227\133\120}{subsection.1.4}% 19
\BOOKMARK [2][-]{subsection.1.5}{\376\377\123\321\134\125\145\271\172\013}{section.1}% 20
\BOOKMARK [3][-]{subsubsection.1.5.1}{\376\377\200\375\221\317\200\027\145\143\060\001\123\315\200\027\145\143\124\214\200\375\221\317\136\163\210\141\174\373\176\337}{subsection.1.5}% 21
\BOOKMARK [3][-]{subsubsection.1.5.2}{\376\377\123\321\134\125\145\271\172\013\166\204\171\273\145\143\123\026}{subsection.1.5}% 22
\BOOKMARK [3][-]{subsubsection.1.5.3}{\376\377\123\112\171\273\145\143\145\271\172\013}{subsection.1.5}% 23
\BOOKMARK [3][-]{subsubsection.1.5.4}{\376\377\123\315\133\371\171\360\172\172\225\364\171\273\145\143\173\227\133\120\166\204\147\204\220\040}{subsection.1.5}% 24
\BOOKMARK [3][-]{subsubsection.1.5.5}{\376\377\133\214\121\150\136\163\145\271\133\210\140\122\150\074\137\017}{subsection.1.5}% 25
\BOOKMARK [1][-]{section.2}{\376\377\131\047\154\024\155\167\155\013\145\271\172\013\123\312\121\166\133\210\140\122\140\047}{}% 26
\BOOKMARK [2][-]{subsection.2.1}{\376\377\153\143\123\213\155\105\154\064\145\271\172\013\176\304}{section.2}% 27
\BOOKMARK [2][-]{subsection.2.2}{\376\377\127\372\147\054\133\210\140\122\140\047}{section.2}% 28
\BOOKMARK [3][-]{subsubsection.2.2.1}{\376\377\215\050\221\317\133\210\140\122}{subsection.2.2}% 29
\BOOKMARK [3][-]{subsubsection.2.2.2}{\376\377\211\322\122\250\221\317\133\210\140\122}{subsection.2.2}% 30
\BOOKMARK [3][-]{subsubsection.2.2.3}{\376\377\117\115\155\241\133\210\140\122}{subsection.2.2}% 31
\BOOKMARK [3][-]{subsubsection.2.2.4}{\376\377\200\375\221\317\133\210\140\122}{subsection.2.2}% 32
\BOOKMARK [3][-]{subsubsection.2.2.5}{\376\377\117\115\155\241\142\337\200\375\133\210\140\122}{subsection.2.2}% 33
\BOOKMARK [1][-]{section.3}{\376\377\147\011\226\120\135\356\122\006\145\271\154\325\124\214\136\163\155\101\145\271\150\110}{}% 34
\BOOKMARK [2][-]{subsection.3.1}{\376\377\147\011\226\120\135\356\122\006\150\074\137\017}{section.3}% 35
\BOOKMARK [3][-]{subsubsection.3.1.1}{\376\377\142\052\145\255\213\357\135\356\060\001\166\370\133\271\140\047\124\214\174\276\136\246}{subsection.3.1}% 36
\BOOKMARK [3][-]{subsubsection.3.1.2}{\376\377\121\150\134\100\213\357\135\356\060\001\145\066\145\133\140\047\124\214\000C\000F\000L\147\141\116\366}{subsection.3.1}% 37
\BOOKMARK [3][-]{subsubsection.3.1.3}{\376\377\135\356\122\006\145\271\172\013\166\204\172\063\133\232\140\047}{subsection.3.1}% 38
\BOOKMARK [3][-]{subsubsection.3.1.4}{\376\377\000L\000a\000x\173\111\116\367\133\232\164\006}{subsection.3.1}% 39
\BOOKMARK [2][-]{subsection.3.2}{\376\377\172\063\133\232\140\047\122\006\147\220\145\271\154\325}{section.3}% 40
\BOOKMARK [3][-]{subsubsection.3.2.1}{\376\377\000V\000o\000n\000\040\000N\000e\000u\000m\000a\000n\000n\172\063\133\232\140\047\122\006\147\220\145\271\154\325}{subsection.3.2}% 41
\BOOKMARK [3][-]{subsubsection.3.2.2}{\376\377\167\351\226\065\145\271\154\325}{subsection.3.2}% 42
\BOOKMARK [3][-]{subsubsection.3.2.3}{\376\377\000H\000i\000r\000t\124\057\171\072\154\325}{subsection.3.2}% 43
\BOOKMARK [3][-]{subsubsection.3.2.4}{\376\377\200\375\221\317\122\006\147\220\154\325}{subsection.3.2}% 44
\BOOKMARK [2][-]{subsection.3.3}{\376\377\154\064\136\163\124\214\127\202\166\364\177\121\150\074\116\012\123\330\221\317\166\204\122\006\136\003}{section.3}% 45
\BOOKMARK [3][-]{subsubsection.3.3.1}{\376\377\000A\000B\000C\000D\000E\177\121\150\074}{subsection.3.3}% 46
\BOOKMARK [2][-]{subsection.3.4}{\376\377\136\163\155\101\145\271\150\110}{section.3}% 47
\BOOKMARK [3][-]{subsubsection.3.4.1}{\376\377\230\221\145\143\230\171\124\214\200\027\145\143\230\171}{subsection.3.4}% 48
\BOOKMARK [3][-]{subsubsection.3.4.2}{\376\377\145\366\225\364\122\115\135\356\172\172\225\364\116\055\131\056\135\356\377\010\000F\000T\000C\000S\377\011}{subsection.3.4}% 49
\BOOKMARK [3][-]{subsubsection.3.4.3}{\376\377\116\214\226\066\000L\000a\000x\000-\000W\000e\000n\000d\000r\000o\000f\000f\150\074\137\017\377\010\000L\000W\377\011}{subsection.3.4}% 50
\BOOKMARK [3][-]{subsubsection.3.4.4}{\376\377\000C\000r\000a\000n\000k\000-\000N\000i\000c\000o\000l\000s\000o\000n\145\271\150\110\377\010\000C\000N\377\011}{subsection.3.4}% 51
\BOOKMARK [3][-]{subsubsection.3.4.5}{\376\377\206\331\215\363\150\074\137\017}{subsection.3.4}% 52
\BOOKMARK [3][-]{subsubsection.3.4.6}{\376\377\116\000\226\066\217\316\230\316\150\074\137\017}{subsection.3.4}% 53
\BOOKMARK [3][-]{subsubsection.3.4.7}{\376\377\000B\000e\000a\000m\000-\000W\000a\000r\000m\000i\000n\000g\150\074\137\017\377\010\000B\000W\377\011}{subsection.3.4}% 54
\BOOKMARK [3][-]{subsubsection.3.4.8}{\376\377\174\276\136\246\130\301\127\222\000\050\000G\000o\000d\000u\000n\000o\000v\000'\000s\000\040\000t\000h\000e\000r\000o\000e\000m\000\051}{subsection.3.4}% 55
\BOOKMARK [3][-]{subsubsection.3.4.9}{\376\377\220\032\221\317\213\242\153\143\145\271\154\325\000F\000C\000T}{subsection.3.4}% 56
\BOOKMARK [3][-]{subsubsection.3.4.10}{\376\377\116\044\153\145\117\335\137\142\145\271\150\110\377\010\000T\000S\000P\000A\000S\377\011}{subsection.3.4}% 57
\BOOKMARK [3][-]{subsubsection.3.4.11}{\376\377\000M\000P\000D\000A\000T\000A\145\271\150\110}{subsection.3.4}% 58
\BOOKMARK [3][-]{subsubsection.3.4.12}{\376\377\000W\000E\000N\000O\145\271\150\110}{subsection.3.4}% 59
\BOOKMARK [3][-]{subsubsection.3.4.13}{\376\377\147\011\226\120\117\123\171\357\145\271\150\110}{subsection.3.4}% 60
\BOOKMARK [3][-]{subsubsection.3.4.14}{\376\377\236\316\146\374\225\356\230\230}{subsection.3.4}% 61
\BOOKMARK [3][-]{subsubsection.3.4.15}{\376\377\000T\000V\000D\150\074\137\017\124\214\123\125\214\003\150\074\137\017}{subsection.3.4}% 62
\BOOKMARK [3][-]{subsubsection.3.4.16}{\376\377\000F\000F\000S\000L\145\271\150\110}{subsection.3.4}% 63
\BOOKMARK [3][-]{subsubsection.3.4.17}{\376\377\232\330\226\066\217\316\230\316\220\032\221\317}{subsection.3.4}% 64
\BOOKMARK [3][-]{subsubsection.3.4.18}{\376\377\000W\000E\000N\000O\147\011\226\120\117\123\171\357\162\110\147\054}{subsection.3.4}% 65
\BOOKMARK [3][-]{subsubsection.3.4.19}{\376\377\000S\000e\000m\000i\000-\000L\000a\000g\000r\000a\000n\000g\000e\145\271\150\110}{subsection.3.4}% 66
\BOOKMARK [3][-]{subsubsection.3.4.20}{\376\377\000L\000a\000g\000r\000a\000n\000g\000e\145\271\150\110}{subsection.3.4}% 67
\BOOKMARK [1][-]{section.4}{\376\377\127\202\166\364\127\120\150\007}{}% 68
\BOOKMARK [2][-]{subsection.4.1}{\376\377\162\151\164\006\221\317\127\120\150\007}{section.4}% 69
\BOOKMARK [3][-]{subsubsection.4.1.1}{\376\377\154\024\123\213\000p\127\120\150\007}{subsection.4.1}% 70
\BOOKMARK [3][-]{subsubsection.4.1.2}{\376\377\227\131\122\233\154\024\123\213\000p\000i\127\120\150\007}{subsection.4.1}% 71
\BOOKMARK [3][-]{subsubsection.4.1.3}{\376\377\117\115\156\051\000t\000h\000e\000t\000a\127\120\150\007}{subsection.4.1}% 72
\BOOKMARK [3][-]{subsubsection.4.1.4}{\376\377\117\115\122\277\133\306\136\246\000r\000h\000o\127\120\150\007}{subsection.4.1}% 73
\BOOKMARK [2][-]{subsection.4.2}{\376\377\127\060\137\142\217\375\226\217\127\120\150\007\174\373}{section.4}% 74
\BOOKMARK [3][-]{subsubsection.4.2.1}{\376\377\127\372\116\216\154\024\123\213\000p\166\204\127\060\137\142\217\375\226\217\127\120\150\007}{subsection.4.2}% 75
\BOOKMARK [3][-]{subsubsection.4.2.2}{\376\377\127\372\116\216\232\330\136\246\166\204\127\060\137\142\217\375\226\217\127\120\150\007}{subsection.4.2}% 76
\BOOKMARK [3][-]{subsubsection.4.2.3}{\376\377\155\367\124\010\127\120\150\007}{subsection.4.2}% 77
\BOOKMARK [3][-]{subsubsection.4.2.4}{\376\377\116\044\131\047\213\241\173\227\213\357\135\356}{subsection.4.2}% 78
\BOOKMARK [3][-]{subsubsection.4.2.5}{\376\377\154\024\123\213\150\257\136\246\122\233\213\357\135\356\166\204\211\343\121\263\145\271\154\325}{subsection.4.2}% 79
\BOOKMARK [1][-]{section.5}{\376\377\122\006\210\302\173\227\154\325}{}% 80
\BOOKMARK [2][-]{subsection.5.1}{\376\377\122\006\210\302\173\227\154\325\127\372\170\100}{section.5}% 81
\BOOKMARK [3][-]{subsubsection.5.1.1}{\376\377\213\241\173\227\145\366\145\110\140\047\225\356\230\230}{subsection.5.1}% 82
\BOOKMARK [3][-]{subsubsection.5.1.2}{\376\377\137\353\141\142\217\307\172\013\166\204\166\370\133\371\123\357\122\006\140\047}{subsection.5.1}% 83
\BOOKMARK [2][-]{subsection.5.2}{\376\377\133\210\140\122\122\006\210\302\152\041\127\213}{section.5}% 84
\BOOKMARK [2][-]{subsection.5.3}{\376\377\176\317\155\116\122\006\210\302\152\041\127\213}{section.5}% 85
\BOOKMARK [2][-]{subsection.5.4}{\376\377\230\204\117\060\167\353\153\143\152\041\127\213}{section.5}% 86
\BOOKMARK [2][-]{subsection.5.5}{\376\377\121\166\116\326\133\210\140\122\122\006\210\302\152\041\127\213}{section.5}% 87
\BOOKMARK [1][-]{section.6}{\376\377\215\104\145\231\124\014\123\026\145\271\154\325}{}% 88
\BOOKMARK [2][-]{subsection.6.1}{\376\377\215\104\145\231\124\014\123\026\166\204\116\011\131\047\164\006\213\272\127\372\170\100}{section.6}% 89
\BOOKMARK [3][-]{subsubsection.6.1.1}{\376\377\147\000\134\017\145\271\135\356\117\060\213\241}{subsection.6.1}% 90
\BOOKMARK [3][-]{subsubsection.6.1.2}{\376\377\147\000\131\047\117\074\161\066\117\060\213\241}{subsection.6.1}% 91
\BOOKMARK [3][-]{subsubsection.6.1.3}{\376\377\215\035\123\366\145\257\164\006\213\272}{subsection.6.1}% 92
\BOOKMARK [2][-]{subsection.6.2}{\376\377\147\000\117\030\143\322\120\074\000O\000I}{section.6}% 93
\BOOKMARK [2][-]{subsection.6.3}{\376\377\200\314\146\157\213\357\135\356\123\117\145\271\135\356}{section.6}% 94
\BOOKMARK [3][-]{subsubsection.6.3.1}{\376\377\200\314\146\157\213\357\135\356\123\117\145\271\135\356\166\204\117\134\165\050}{subsection.6.3}% 95
\BOOKMARK [3][-]{subsubsection.6.3.2}{\376\377\200\314\146\157\213\357\135\356\123\117\145\271\135\356\166\204\117\060\213\241}{subsection.6.3}% 96
\BOOKMARK [3][-]{subsubsection.6.3.3}{\376\377\134\100\127\060\123\026\124\214\136\163\210\141\140\047}{subsection.6.3}% 97
\BOOKMARK [2][-]{subsection.6.4}{\376\377\123\330\122\006\124\014\123\026}{section.6}% 98
\BOOKMARK [3][-]{subsubsection.6.4.1}{\376\377\121\161\217\155\150\257\136\246\154\325}{subsection.6.4}% 99
\BOOKMARK [3][-]{subsubsection.6.4.2}{\376\377\0003\000D\000v\000a\000r\124\014\123\026}{subsection.6.4}% 100
\BOOKMARK [3][-]{subsubsection.6.4.3}{\376\377\0004\000D\000v\000a\000r\124\014\123\026}{subsection.6.4}% 101
\BOOKMARK [2][-]{subsection.6.5}{\376\377\000K\000a\000l\000m\000a\000n\156\344\154\342}{section.6}% 102
\BOOKMARK [3][-]{subsubsection.6.5.1}{\376\377\000K\000a\000l\000m\000a\000n\156\344\154\342}{subsection.6.5}% 103
\BOOKMARK [3][-]{subsubsection.6.5.2}{\376\377\226\306\124\010\000K\000a\000l\000m\000a\000n\156\344\154\342}{subsection.6.5}% 104
\BOOKMARK [2][-]{subsection.6.6}{\376\377\122\007\176\277\140\047\152\041\137\017\124\214\117\064\226\217\152\041\137\017}{section.6}% 105
\BOOKMARK [3][-]{subsubsection.6.6.1}{\376\377\122\007\176\277\140\047\152\041\137\017\166\204\177\026\121\231}{subsection.6.6}% 106
\BOOKMARK [3][-]{subsubsection.6.6.2}{\376\377\117\064\226\217\152\041\137\017\166\204\177\026\121\231}{subsection.6.6}% 107
\BOOKMARK [3][-]{subsubsection.6.6.3}{\376\377\122\007\176\277\140\047\152\041\137\017\124\214\117\064\226\217\152\041\137\017\166\204\232\214\213\301}{subsection.6.6}% 108
\BOOKMARK [2][-]{subsection.6.7}{\376\377\155\367\124\010\124\014\123\026\145\271\154\325}{section.6}% 109
\BOOKMARK [3][-]{subsubsection.6.7.1}{\376\377\000E\000n\0003\000D\000V\000a\000r}{subsection.6.7}% 110
\BOOKMARK [3][-]{subsubsection.6.7.2}{\376\377\000E\000n\0004\000D\000V\000a\000r}{subsection.6.7}% 111
\BOOKMARK [3][-]{subsubsection.6.7.3}{\376\377\0004\000D\000E\000n\000V\000a\000r}{subsection.6.7}% 112
\BOOKMARK [2][-]{subsection.6.8}{\376\377\200\046\124\010\215\104\145\231\124\014\123\026}{section.6}% 113
